<?xml version="1.0" encoding="UTF-8"?>
<!-- Generated by org.testng.reporters.JUnitReportReporter -->
<testsuite hostname="DESKTOP-BOE89NJ" failures="0" tests="2" name="Exercises.Exercise_TestNg" time="8.351" errors="0" timestamp="2021-02-08T11:07:38 EST" skipped="0">
  <testcase classname="Exercises.Exercise_TestNg" name="login" time="8.350"/>
  <system-out/>
  <testcase classname="Exercises.Exercise_TestNg" name="logout" time="0.001"/>
  <system-out/>
</testsuite> <!-- Exercises.Exercise_TestNg -->
